<?xml version="1.0" encoding="UTF-8"?>
<!-- Generated by org.testng.reporters.JUnitReportReporter -->
<testsuite hostname="DESKTOP-ACRG6SS" failures="0" tests="1" name="rahulshettyacademy.ErrorValidationsTest" time="10.754" errors="0" timestamp="2024-09-13T22:38:15 GMT-07:00" skipped="0">
  <testcase classname="rahulshettyacademy.ErrorValidationsTest" name="LoginErrorValidation" time="10.754"/>
</testsuite> <!-- rahulshettyacademy.ErrorValidationsTest -->
